16:48:26.093 [main] INFO  persistence.AutoreDAO -- dropTable() --> DROP: DROP TABLE autori CASCADE
16:48:26.477 [main] DEBUG persistence.AutoreDAO -- DROP executed
16:48:26.477 [main] INFO  persistence.AutoreDAO -- createTable() --> CREATE: CREATE TABLE autori ( id INT PRIMARY KEY, nome VARCHAR NOT NULL, cognome VARCHAR NOT NULL )
16:48:26.568 [main] DEBUG persistence.AutoreDAO -- CREATE executed
16:48:26.571 [main] INFO  persistence.AutoreDAO -- create() --> INSERT: INSERT INTO autori(id, nome, cognome) VALUES (?,?,?)
16:48:26.657 [main] DEBUG persistence.AutoreDAO -- INSERT executed
16:48:26.658 [main] INFO  persistence.AutoreDAO -- create() --> INSERT: INSERT INTO autori(id, nome, cognome) VALUES (?,?,?)
16:48:26.770 [main] DEBUG persistence.AutoreDAO -- INSERT executed
16:48:27.121 [main] INFO  persistence.AutoreDAO -- read_by_id() --> SELECT: SELECT * FROM autori WHERE id = ?
16:48:27.173 [main] DEBUG persistence.AutoreDAO -- SELECT executed
16:48:27.174 [main] INFO  persistence.AutoreDAO -- read_all() --> SELECT: SELECT * FROM autori
16:48:27.223 [main] DEBUG persistence.AutoreDAO -- SELECT executed
16:48:27.223 [main] DEBUG persistence.AutoreDAO -- SELECT executed
16:53:13.651 [main] INFO  persistence.AutoreDAO -- dropTable() --> DROP: DROP TABLE autori CASCADE
16:53:14.071 [main] DEBUG persistence.AutoreDAO -- DROP executed
16:53:14.072 [main] INFO  persistence.AutoreDAO -- createTable() --> CREATE: CREATE TABLE autori ( id INT PRIMARY KEY, nome VARCHAR NOT NULL, cognome VARCHAR NOT NULL )
16:53:14.159 [main] DEBUG persistence.AutoreDAO -- CREATE executed
16:53:14.160 [main] INFO  persistence.AutoreDAO -- create() --> INSERT: INSERT INTO autori(id, nome, cognome) VALUES (?,?,?)
16:53:14.242 [main] DEBUG persistence.AutoreDAO -- INSERT executed
16:53:14.242 [main] INFO  persistence.AutoreDAO -- create() --> INSERT: INSERT INTO autori(id, nome, cognome) VALUES (?,?,?)
16:53:14.307 [main] DEBUG persistence.AutoreDAO -- INSERT executed
16:53:14.646 [main] INFO  persistence.AutoreDAO -- read_by_id() --> SELECT: SELECT * FROM autori WHERE id = ?
16:53:14.696 [main] DEBUG persistence.AutoreDAO -- SELECT executed
16:53:14.697 [main] INFO  persistence.AutoreDAO -- read_all() --> SELECT: SELECT * FROM autori
16:53:14.742 [main] DEBUG persistence.AutoreDAO -- SELECT executed
16:53:14.742 [main] DEBUG persistence.AutoreDAO -- SELECT executed
17:21:57.335 [main] INFO  persistence.AutoreDAO -- dropTable() --> DROP: DROP TABLE autori CASCADE
17:21:57.730 [main] DEBUG persistence.AutoreDAO -- DROP executed
17:21:57.731 [main] INFO  persistence.AutoreDAO -- createTable() --> CREATE: CREATE TABLE autori ( id INT PRIMARY KEY, nome VARCHAR NOT NULL, cognome VARCHAR NOT NULL )
17:21:57.817 [main] DEBUG persistence.AutoreDAO -- CREATE executed
17:21:57.821 [main] INFO  persistence.AutoreDAO -- create() --> INSERT: INSERT INTO autori(id, nome, cognome) VALUES (?,?,?)
17:21:57.904 [main] DEBUG persistence.AutoreDAO -- INSERT executed
17:21:57.905 [main] INFO  persistence.AutoreDAO -- create() --> INSERT: INSERT INTO autori(id, nome, cognome) VALUES (?,?,?)
17:21:57.981 [main] DEBUG persistence.AutoreDAO -- INSERT executed
17:21:58.341 [main] INFO  persistence.AutoreDAO -- read_by_id() --> SELECT: SELECT * FROM autori WHERE id = ?
17:21:58.387 [main] DEBUG persistence.AutoreDAO -- SELECT executed
17:21:58.388 [main] INFO  persistence.AutoreDAO -- read_all() --> SELECT: SELECT * FROM autori
17:21:58.437 [main] DEBUG persistence.AutoreDAO -- SELECT executed
17:21:58.437 [main] DEBUG persistence.AutoreDAO -- SELECT executed
