01:00:50.119 [http-nio-8080-exec-3] INFO  service.AutoreService -- read_by_id() --> SELECT * FROM autori WHERE ID = 2
01:00:50.134 [http-nio-8080-exec-3] INFO  persistence.AutoreDAO -- read_by_id() --> SELECT: SELECT * FROM autori WHERE id = ?
01:00:50.562 [http-nio-8080-exec-3] DEBUG persistence.AutoreDAO -- SELECT by ID executed
01:00:50.564 [http-nio-8080-exec-3] DEBUG service.AutoreService -- SELECT by ID not executed: ID={} not found
01:00:55.841 [http-nio-8080-exec-4] INFO  service.AutoreService -- read_by_id() --> SELECT * FROM autori WHERE ID = 3
01:00:55.841 [http-nio-8080-exec-4] INFO  persistence.AutoreDAO -- read_by_id() --> SELECT: SELECT * FROM autori WHERE id = ?
01:00:55.909 [http-nio-8080-exec-4] DEBUG service.AutoreService -- SELECT by ID executed: null
01:01:48.565 [http-nio-8080-exec-1] INFO  service.AutoreService -- read_by_id() --> SELECT * FROM autori WHERE ID = 3
01:01:48.569 [http-nio-8080-exec-1] INFO  persistence.AutoreDAO -- read_by_id() --> SELECT: SELECT * FROM autori WHERE id = ?
01:01:48.845 [http-nio-8080-exec-1] DEBUG service.AutoreService -- SELECT by ID not executed: ID={} not found
01:13:09.649 [http-nio-8080-exec-2] INFO  service.AutoreService -- read_by_id() --> SELECT * FROM autori WHERE ID = 3
01:13:09.659 [http-nio-8080-exec-2] INFO  persistence.AutoreDAO -- read_by_id() --> SELECT: SELECT * FROM autori WHERE id = ?
01:13:10.143 [http-nio-8080-exec-2] DEBUG service.AutoreService -- SELECT by ID not executed: ID={} not found
01:17:43.367 [http-nio-8080-exec-3] INFO  service.AutoreService -- read_by_id() --> SELECT * FROM autori WHERE ID = 3
01:17:43.373 [http-nio-8080-exec-3] INFO  persistence.AutoreDAO -- read_by_id() --> SELECT: SELECT * FROM autori WHERE id = ?
01:17:43.741 [http-nio-8080-exec-3] DEBUG service.AutoreService -- SELECT by ID not executed: ID={} not found
01:51:31.773 [http-nio-8080-exec-4] INFO  service.AutoreService -- read_all() --> SELECT * FROM autori
01:51:31.779 [http-nio-8080-exec-4] INFO  persistence.AutoreDAO -- read_all() --> SELECT: SELECT * FROM autori
01:51:31.846 [http-nio-8080-exec-4] DEBUG persistence.AutoreDAO -- SELECT executed
01:51:31.846 [http-nio-8080-exec-4] DEBUG service.AutoreService -- SELECT executed: [Autore [idAutore=1, nome=Oscar, cognome=Wilde], Autore [idAutore=2, nome=Edgar, cognome=Allan Poe]]
01:54:52.102 [http-nio-8080-exec-2] INFO  service.AutoreService -- read_all() --> SELECT * FROM autori
01:54:52.102 [http-nio-8080-exec-2] INFO  persistence.AutoreDAO -- read_all() --> SELECT: SELECT * FROM autori
01:54:52.482 [http-nio-8080-exec-2] DEBUG persistence.AutoreDAO -- SELECT executed
01:54:52.484 [http-nio-8080-exec-2] DEBUG service.AutoreService -- SELECT executed: [Autore [idAutore=1, nome=Oscar, cognome=Wilde], Autore [idAutore=2, nome=Edgar, cognome=Allan Poe]]
02:04:45.214 [http-nio-8080-exec-3] INFO  service.AutoreService -- read_all() --> SELECT * FROM autori
02:04:45.222 [http-nio-8080-exec-3] INFO  persistence.AutoreDAO -- read_all() --> SELECT: SELECT * FROM autori
02:04:45.642 [http-nio-8080-exec-3] DEBUG persistence.AutoreDAO -- SELECT executed
02:04:45.643 [http-nio-8080-exec-3] DEBUG service.AutoreService -- SELECT executed: [Autore [idAutore=1, nome=Oscar, cognome=Wilde], Autore [idAutore=2, nome=Edgar, cognome=Allan Poe]]
02:04:46.710 [http-nio-8080-exec-4] INFO  service.AutoreService -- read_all() --> SELECT * FROM autori
02:04:46.710 [http-nio-8080-exec-4] INFO  persistence.AutoreDAO -- read_all() --> SELECT: SELECT * FROM autori
02:04:46.767 [http-nio-8080-exec-4] DEBUG persistence.AutoreDAO -- SELECT executed
02:04:46.767 [http-nio-8080-exec-4] DEBUG service.AutoreService -- SELECT executed: [Autore [idAutore=1, nome=Oscar, cognome=Wilde], Autore [idAutore=2, nome=Edgar, cognome=Allan Poe]]
