22:02:00.390 [main] INFO  persistence.LibroDAO -- dropTable() --> DROP: DROP TABLE libri
22:02:00.466 [main] DEBUG persistence.LibroDAO -- DROP executed
22:02:00.467 [main] INFO  persistence.LibroDAO -- createTable() --> CREATE: CREATE TABLE libri ( id SERIAL PRIMARY KEY, titolo VARCHAR NOT NULL, idAutore INT REFERENCES autori(id), lingua VARCHAR NOT NULL )
22:02:00.543 [main] DEBUG persistence.LibroDAO -- CREATE executed
22:02:00.544 [main] INFO  persistence.LibroDAO -- create() --> INSERT: INSERT INTO libri(titolo, idAutore, lingua) VALUES (?,?,?)
22:02:00.597 [main] DEBUG persistence.LibroDAO -- INSERT executed
22:02:00.597 [main] INFO  persistence.LibroDAO -- create() --> INSERT: INSERT INTO libri(titolo, idAutore, lingua) VALUES (?,?,?)
22:02:00.653 [main] DEBUG persistence.LibroDAO -- INSERT executed
22:02:00.653 [main] INFO  persistence.LibroDAO -- read_by_id() --> SELECT: SELECT * FROM libri WHERE id = ?
22:02:00.711 [main] DEBUG persistence.LibroDAO -- SELECT executed
22:02:00.712 [main] INFO  persistence.LibroDAO -- read_all() --> SELECT: SELECT * FROM libri
22:02:00.767 [main] DEBUG persistence.LibroDAO -- SELECT executed
22:02:00.767 [main] DEBUG persistence.LibroDAO -- SELECT executed
22:11:03.831 [main] INFO  persistence.LibroDAO -- dropTable() --> DROP: DROP TABLE libri
22:11:03.912 [main] DEBUG persistence.LibroDAO -- DROP executed
22:11:03.912 [main] INFO  persistence.LibroDAO -- createTable() --> CREATE: CREATE TABLE libri ( id SERIAL PRIMARY KEY, titolo VARCHAR NOT NULL, idAutore INT REFERENCES autori(id), lingua VARCHAR NOT NULL )
22:11:03.977 [main] DEBUG persistence.LibroDAO -- CREATE executed
22:11:03.978 [main] INFO  persistence.LibroDAO -- create() --> INSERT: INSERT INTO libri(titolo, idAutore, lingua) VALUES (?,?,?)
22:11:04.033 [main] DEBUG persistence.LibroDAO -- INSERT executed
22:11:04.033 [main] INFO  persistence.LibroDAO -- create() --> INSERT: INSERT INTO libri(titolo, idAutore, lingua) VALUES (?,?,?)
22:11:04.087 [main] DEBUG persistence.LibroDAO -- INSERT executed
22:11:04.087 [main] INFO  persistence.LibroDAO -- read_by_id() --> SELECT: SELECT * FROM libri WHERE id = ?
22:11:04.144 [main] DEBUG persistence.LibroDAO -- SELECT executed
22:11:04.145 [main] INFO  persistence.LibroDAO -- read_all() --> SELECT: SELECT * FROM libri
22:11:04.195 [main] DEBUG persistence.LibroDAO -- SELECT executed
22:11:04.195 [main] DEBUG persistence.LibroDAO -- SELECT executed
22:11:45.343 [main] INFO  persistence.LibroDAO -- dropTable() --> DROP: DROP TABLE libri
22:11:45.426 [main] DEBUG persistence.LibroDAO -- DROP executed
22:11:45.427 [main] INFO  persistence.LibroDAO -- createTable() --> CREATE: CREATE TABLE libri ( id SERIAL PRIMARY KEY, titolo VARCHAR NOT NULL, idAutore INT REFERENCES autori(id), lingua VARCHAR NOT NULL )
22:11:45.493 [main] DEBUG persistence.LibroDAO -- CREATE executed
22:11:45.494 [main] INFO  persistence.LibroDAO -- create() --> INSERT: INSERT INTO libri(titolo, idAutore, lingua) VALUES (?,?,?)
22:11:45.546 [main] DEBUG persistence.LibroDAO -- INSERT executed
22:11:45.546 [main] INFO  persistence.LibroDAO -- create() --> INSERT: INSERT INTO libri(titolo, idAutore, lingua) VALUES (?,?,?)
22:11:45.597 [main] DEBUG persistence.LibroDAO -- INSERT executed
22:11:45.599 [main] INFO  persistence.LibroDAO -- read_by_id() --> SELECT: SELECT * FROM libri WHERE id = ?
22:11:45.667 [main] DEBUG persistence.LibroDAO -- SELECT executed
22:11:45.668 [main] INFO  persistence.LibroDAO -- read_all() --> SELECT: SELECT * FROM libri
22:11:45.717 [main] DEBUG persistence.LibroDAO -- SELECT executed
22:11:45.717 [main] DEBUG persistence.LibroDAO -- SELECT executed
