16:48:26.772 [main] INFO  persistence.LibroDAO -- dropTable() --> DROP: DROP TABLE libri
16:48:26.835 [main] DEBUG persistence.LibroDAO -- DROP executed
16:48:26.836 [main] INFO  persistence.LibroDAO -- createTable() --> CREATE: CREATE TABLE libri ( id SERIAL PRIMARY KEY, titolo VARCHAR NOT NULL, idAutore INT REFERENCES autori(id), lingua VARCHAR NOT NULL )
16:48:26.910 [main] DEBUG persistence.LibroDAO -- CREATE executed
16:48:26.912 [main] INFO  persistence.LibroDAO -- create() --> INSERT: INSERT INTO libri(titolo, idAutore, lingua) VALUES (?,?,?)
16:48:26.964 [main] DEBUG persistence.LibroDAO -- INSERT executed
16:48:26.964 [main] INFO  persistence.LibroDAO -- create() --> INSERT: INSERT INTO libri(titolo, idAutore, lingua) VALUES (?,?,?)
16:48:27.015 [main] DEBUG persistence.LibroDAO -- INSERT executed
16:48:27.015 [main] INFO  persistence.LibroDAO -- read_by_id() --> SELECT: SELECT * FROM libri WHERE id = ?
16:48:27.072 [main] DEBUG persistence.LibroDAO -- SELECT executed
16:48:27.073 [main] INFO  persistence.LibroDAO -- read_all() --> SELECT: SELECT * FROM libri
16:48:27.120 [main] DEBUG persistence.LibroDAO -- SELECT executed
16:48:27.120 [main] DEBUG persistence.LibroDAO -- SELECT executed
16:53:14.309 [main] INFO  persistence.LibroDAO -- dropTable() --> DROP: DROP TABLE libri
16:53:14.386 [main] DEBUG persistence.LibroDAO -- DROP executed
16:53:14.386 [main] INFO  persistence.LibroDAO -- createTable() --> CREATE: CREATE TABLE libri ( id SERIAL PRIMARY KEY, titolo VARCHAR NOT NULL, idAutore INT REFERENCES autori(id), lingua VARCHAR NOT NULL )
16:53:14.447 [main] DEBUG persistence.LibroDAO -- CREATE executed
16:53:14.448 [main] INFO  persistence.LibroDAO -- create() --> INSERT: INSERT INTO libri(titolo, idAutore, lingua) VALUES (?,?,?)
16:53:14.495 [main] DEBUG persistence.LibroDAO -- INSERT executed
16:53:14.495 [main] INFO  persistence.LibroDAO -- create() --> INSERT: INSERT INTO libri(titolo, idAutore, lingua) VALUES (?,?,?)
16:53:14.544 [main] DEBUG persistence.LibroDAO -- INSERT executed
16:53:14.544 [main] INFO  persistence.LibroDAO -- read_by_id() --> SELECT: SELECT * FROM libri WHERE id = ?
16:53:14.597 [main] DEBUG persistence.LibroDAO -- SELECT executed
16:53:14.598 [main] INFO  persistence.LibroDAO -- read_all() --> SELECT: SELECT * FROM libri
16:53:14.645 [main] DEBUG persistence.LibroDAO -- SELECT executed
16:53:14.645 [main] DEBUG persistence.LibroDAO -- SELECT executed
17:21:57.985 [main] INFO  persistence.LibroDAO -- dropTable() --> DROP: DROP TABLE libri
17:21:58.058 [main] DEBUG persistence.LibroDAO -- DROP executed
17:21:58.058 [main] INFO  persistence.LibroDAO -- createTable() --> CREATE: CREATE TABLE libri ( id SERIAL PRIMARY KEY, titolo VARCHAR NOT NULL, idAutore INT REFERENCES autori(id), lingua VARCHAR NOT NULL )
17:21:58.124 [main] DEBUG persistence.LibroDAO -- CREATE executed
17:21:58.126 [main] INFO  persistence.LibroDAO -- create() --> INSERT: INSERT INTO libri(titolo, idAutore, lingua) VALUES (?,?,?)
17:21:58.179 [main] DEBUG persistence.LibroDAO -- INSERT executed
17:21:58.179 [main] INFO  persistence.LibroDAO -- create() --> INSERT: INSERT INTO libri(titolo, idAutore, lingua) VALUES (?,?,?)
17:21:58.231 [main] DEBUG persistence.LibroDAO -- INSERT executed
17:21:58.232 [main] INFO  persistence.LibroDAO -- read_by_id() --> SELECT: SELECT * FROM libri WHERE id = ?
17:21:58.290 [main] DEBUG persistence.LibroDAO -- SELECT executed
17:21:58.291 [main] INFO  persistence.LibroDAO -- read_all() --> SELECT: SELECT * FROM libri
17:21:58.340 [main] DEBUG persistence.LibroDAO -- SELECT executed
17:21:58.340 [main] DEBUG persistence.LibroDAO -- SELECT executed
